<?xml version="1.0" encoding="UTF-8"?>
<testng-results ignored="0" total="1" passed="1" failed="0" skipped="0">
  <reporter-output>
  </reporter-output>
  <suite started-at="2023-10-09T20:49:22 MESZ" name="Smoky" finished-at="2023-10-09T20:49:29 MESZ" duration-ms="7715">
    <groups>
    </groups>
    <test started-at="2023-10-09T20:49:22 MESZ" name="Smoky" finished-at="2023-10-09T20:49:29 MESZ" duration-ms="7715">
      <class name="com.ait.demoqa.tests.bookStore.LoginPageTests">
        <test-method is-config="true" signature="init()[pri:0, instance:com.ait.demoqa.tests.bookStore.LoginPageTests@be35cd9]" started-at="2023-10-09T20:49:22 MESZ" name="init" finished-at="2023-10-09T20:49:28 MESZ" duration-ms="5823" status="PASS">
          <reporter-output>
          </reporter-output>
        </test-method> <!-- init -->
        <test-method is-config="true" signature="startLogger(java.lang.reflect.Method)[pri:0, instance:com.ait.demoqa.tests.bookStore.LoginPageTests@be35cd9]" started-at="2023-10-09T20:49:28 MESZ" name="startLogger" finished-at="2023-10-09T20:49:28 MESZ" duration-ms="3" status="PASS">
          <params>
            <param index="0">
              <value>
                <![CDATA[public void com.ait.demoqa.tests.bookStore.LoginPageTests.loginPositiveTest()]]>
              </value>
            </param>
          </params>
          <reporter-output>
          </reporter-output>
        </test-method> <!-- startLogger -->
        <test-method is-config="true" signature="precondition()[pri:0, instance:com.ait.demoqa.tests.bookStore.LoginPageTests@be35cd9]" started-at="2023-10-09T20:49:28 MESZ" name="precondition" finished-at="2023-10-09T20:49:28 MESZ" duration-ms="368" status="PASS">
          <reporter-output>
          </reporter-output>
        </test-method> <!-- precondition -->
        <test-method signature="loginPositiveTest()[pri:0, instance:com.ait.demoqa.tests.bookStore.LoginPageTests@be35cd9]" started-at="2023-10-09T20:49:28 MESZ" name="loginPositiveTest" finished-at="2023-10-09T20:49:29 MESZ" duration-ms="1486" status="PASS">
          <reporter-output>
          </reporter-output>
        </test-method> <!-- loginPositiveTest -->
      </class> <!-- com.ait.demoqa.tests.bookStore.LoginPageTests -->
    </test> <!-- Smoky -->
  </suite> <!-- Smoky -->
</testng-results>
